<?xml version="1.0" encoding="UTF-8"?>
<testsuite name="com.library.app.category.resource.CategoryResourceUTest" time="0.557" tests="11" errors="0" skipped="0" failures="0">
  <properties>
    <property name="java.runtime.name" value="Java(TM) SE Runtime Environment"/>
    <property name="sun.boot.library.path" value="C:\Program Files\Java\jdk1.8.0_40\jre\bin"/>
    <property name="java.vm.version" value="25.40-b25"/>
    <property name="java.vm.vendor" value="Oracle Corporation"/>
    <property name="java.vendor.url" value="http://java.oracle.com/"/>
    <property name="path.separator" value=";"/>
    <property name="guice.disable.misplaced.annotation.check" value="true"/>
    <property name="java.vm.name" value="Java HotSpot(TM) 64-Bit Server VM"/>
    <property name="file.encoding.pkg" value="sun.io"/>
    <property name="user.script" value=""/>
    <property name="user.country" value="US"/>
    <property name="sun.java.launcher" value="SUN_STANDARD"/>
    <property name="sun.os.patch.level" value="Service Pack 1"/>
    <property name="java.vm.specification.name" value="Java Virtual Machine Specification"/>
    <property name="user.dir" value="C:\users\lokesh\workspace_mars\library-app"/>
    <property name="java.runtime.version" value="1.8.0_40-b26"/>
    <property name="java.awt.graphicsenv" value="sun.awt.Win32GraphicsEnvironment"/>
    <property name="java.endorsed.dirs" value="C:\Program Files\Java\jdk1.8.0_40\jre\lib\endorsed"/>
    <property name="os.arch" value="amd64"/>
    <property name="java.io.tmpdir" value="C:\cygwin64\tmp\"/>
    <property name="line.separator" value="&#10;"/>
    <property name="java.vm.specification.vendor" value="Oracle Corporation"/>
    <property name="user.variant" value=""/>
    <property name="os.name" value="Windows Vista"/>
    <property name="classworlds.conf" value="C:\apache-maven-3.0.5/bin/m2.conf"/>
    <property name="sun.jnu.encoding" value="Cp1252"/>
    <property name="java.library.path" value="C:\Program Files\Java\jdk1.8.0_40\bin;C:\Windows\Sun\Java\bin;C:\Windows\system32;C:\Windows;C:\cygwin64\usr\local\bin;C:\cygwin64\bin;C:\ProgramData\Oracle\Java\javapath;C:\Program Files (x86)\WANdisco\Subversion;C:\oraclexe\app\oracle\product\10.2.0\bin;C:\Windows\system32;C:\Windows;C:\Windows\System32\Wbem;C:\Program Files (x86)\CyberLink\Power2Go;C:\server\apache-tomcat-6.0.18\bin;C:\Program Files\TortoiseSVN\bin;C:\Program Files (x86)\Smart Projects\IsoBuster;C:\Program Files (x86)\Common Files\DivX Shared;C:\Program Files\Java\jdk1.8.40\bin;C:\oracle\product\10.2.0\db_2\MOBILE\sdk\bin;C:\Program Files (x86)\MySQL\MySQL Server 5.1\bin;C:\Windows\System32\WindowsPowerShell\v1.0;C:\Server7\apache-tomcat-7.0.4\bin;C:\Program Files\TortoiseSVN\bin;C:\apache-maven-3.0.5\bin;C:\Users\Lokesh\AppData\Local\Smartbar\Application;C:\Program Files (x86)\Brackets\command;C:\Program Files (x86)\QuickTime\QTSystem;C:\Program Files (x86)\Skype\Phone;C:\ProgramData\chocolatey\bin;."/>
    <property name="java.specification.name" value="Java Platform API Specification"/>
    <property name="java.class.version" value="52.0"/>
    <property name="sun.management.compiler" value="HotSpot 64-Bit Tiered Compilers"/>
    <property name="os.version" value="6.0"/>
    <property name="user.home" value="C:\Users\Lokesh"/>
    <property name="user.timezone" value="Europe/London"/>
    <property name="java.awt.printerjob" value="sun.awt.windows.WPrinterJob"/>
    <property name="java.specification.version" value="1.8"/>
    <property name="file.encoding" value="Cp1252"/>
    <property name="user.name" value="Lokesh"/>
    <property name="java.class.path" value="C:\apache-maven-3.0.5/boot/plexus-classworlds-2.4.jar"/>
    <property name="java.vm.specification.version" value="1.8"/>
    <property name="sun.arch.data.model" value="64"/>
    <property name="java.home" value="C:\Program Files\Java\jdk1.8.0_40\jre"/>
    <property name="sun.java.command" value="org.codehaus.plexus.classworlds.launcher.Launcher clean install"/>
    <property name="java.specification.vendor" value="Oracle Corporation"/>
    <property name="user.language" value="en"/>
    <property name="awt.toolkit" value="sun.awt.windows.WToolkit"/>
    <property name="java.vm.info" value="mixed mode"/>
    <property name="java.version" value="1.8.0_40"/>
    <property name="java.ext.dirs" value="C:\Program Files\Java\jdk1.8.0_40\jre\lib\ext;C:\Windows\Sun\Java\lib\ext"/>
    <property name="sun.boot.class.path" value="C:\Program Files\Java\jdk1.8.0_40\jre\lib\resources.jar;C:\Program Files\Java\jdk1.8.0_40\jre\lib\rt.jar;C:\Program Files\Java\jdk1.8.0_40\jre\lib\sunrsasign.jar;C:\Program Files\Java\jdk1.8.0_40\jre\lib\jsse.jar;C:\Program Files\Java\jdk1.8.0_40\jre\lib\jce.jar;C:\Program Files\Java\jdk1.8.0_40\jre\lib\charsets.jar;C:\Program Files\Java\jdk1.8.0_40\jre\lib\jfr.jar;C:\Program Files\Java\jdk1.8.0_40\jre\classes"/>
    <property name="java.vendor" value="Oracle Corporation"/>
    <property name="maven.home" value="C:\apache-maven-3.0.5"/>
    <property name="file.separator" value="\"/>
    <property name="java.vendor.url.bug" value="http://bugreport.sun.com/bugreport/"/>
    <property name="sun.cpu.endian" value="little"/>
    <property name="sun.io.unicode.encoding" value="UnicodeLittle"/>
    <property name="sun.desktop" value="windows"/>
    <property name="sun.cpu.isalist" value="amd64"/>
  </properties>
  <testcase name="addValidCategory" classname="com.library.app.category.resource.CategoryResourceUTest" time="0.388"/>
  <testcase name="updateValidCategory" classname="com.library.app.category.resource.CategoryResourceUTest" time="0.025"/>
  <testcase name="updateCategoryWithNullName" classname="com.library.app.category.resource.CategoryResourceUTest" time="0.034"/>
  <testcase name="updateNotFoundCategory" classname="com.library.app.category.resource.CategoryResourceUTest" time="0.027"/>
  <testcase name="findAllNoCategory" classname="com.library.app.category.resource.CategoryResourceUTest" time="0.011"/>
  <testcase name="findCategoryNotFound" classname="com.library.app.category.resource.CategoryResourceUTest" time="0.009"/>
  <testcase name="findCategory" classname="com.library.app.category.resource.CategoryResourceUTest" time="0.029"/>
  <testcase name="addCategoryWithNullName" classname="com.library.app.category.resource.CategoryResourceUTest" time="0"/>
  <testcase name="findAllTwoCategories" classname="com.library.app.category.resource.CategoryResourceUTest" time="0.002"/>
  <testcase name="addExistentCategory" classname="com.library.app.category.resource.CategoryResourceUTest" time="0.019"/>
  <testcase name="updateExistentCategory" classname="com.library.app.category.resource.CategoryResourceUTest" time="0.013"/>
</testsuite>